==793121== Memcheck, a memory error detector
==793121== Copyright (C) 2002-2017, and GNU GPL'd, by Julian Seward et al.
==793121== Using Valgrind-3.18.1-42b08ed5bd-20211015 and LibVEX; rerun with -h for copyright info
==793121== Command: ./FileHandle test.txt ayoub test
==793121== Parent PID: 772864
==793121== 
--793121-- 
--793121-- Valgrind options:
--793121--    --leak-check=full
--793121--    --show-leak-kinds=all
--793121--    --track-origins=yes
--793121--    --verbose
--793121--    --log-file=memcheck.log
--793121-- Contents of /proc/version:
--793121--   Linux version 5.15.0-161-generic (buildd@lcy02-amd64-072) (gcc (Ubuntu 11.4.0-1ubuntu1~22.04.2) 11.4.0, GNU ld (GNU Binutils for Ubuntu) 2.38) #171-Ubuntu SMP Sat Oct 11 08:17:01 UTC 2025
--793121-- 
--793121-- Arch and hwcaps: AMD64, LittleEndian, amd64-cx16-lzcnt-rdtscp-sse3-ssse3-avx-avx2-bmi-f16c-rdrand-rdseed
--793121-- Page sizes: currently 4096, max supported 4096
--793121-- Valgrind library directory: /usr/libexec/valgrind
--793121-- Reading syms from /home/ayouahid/Desktop/cpp/cpp_01/ex04/FileHandle
--793121-- Reading syms from /usr/lib/x86_64-linux-gnu/ld-linux-x86-64.so.2
--793121--   Considering /usr/lib/debug/.build-id/ac/af96d7b1a6bad57b559d646233d5dc1a23257c.debug ..
--793121--   .. build-id is valid
--793121-- Reading syms from /usr/libexec/valgrind/memcheck-amd64-linux
--793121--    object doesn't have a symbol table
--793121--    object doesn't have a dynamic symbol table
--793121-- Scheduler: using generic scheduler lock implementation.
--793121-- Reading suppressions file: /usr/libexec/valgrind/default.supp
==793121== embedded gdbserver: reading from /tmp/vgdb-pipe-from-vgdb-to-793121-by-ayouahid-on-???
==793121== embedded gdbserver: writing to   /tmp/vgdb-pipe-to-vgdb-from-793121-by-ayouahid-on-???
==793121== embedded gdbserver: shared mem   /tmp/vgdb-pipe-shared-mem-vgdb-793121-by-ayouahid-on-???
==793121== 
==793121== TO CONTROL THIS PROCESS USING vgdb (which you probably
==793121== don't want to do, unless you know exactly what you're doing,
==793121== or are doing some strange experiment):
==793121==   /usr/bin/vgdb --pid=793121 ...command...
==793121== 
==793121== TO DEBUG THIS PROCESS USING GDB: start GDB like this
==793121==   /path/to/gdb ./FileHandle
==793121== and then give GDB the following command
==793121==   target remote | /usr/bin/vgdb --pid=793121
==793121== --pid is optional if only one valgrind process is running
==793121== 
--793121-- REDIR: 0x402aa40 (ld-linux-x86-64.so.2:strlen) redirected to 0x580bcec2 (???)
--793121-- REDIR: 0x402a810 (ld-linux-x86-64.so.2:index) redirected to 0x580bcedc (???)
--793121-- Reading syms from /usr/libexec/valgrind/vgpreload_core-amd64-linux.so
--793121--    object doesn't have a symbol table
--793121-- Reading syms from /usr/libexec/valgrind/vgpreload_memcheck-amd64-linux.so
--793121--    object doesn't have a symbol table
==793121== WARNING: new redirection conflicts with existing -- ignoring it
--793121--     old: 0x0402aa40 (strlen              ) R-> (0000.0) 0x580bcec2 ???
--793121--     new: 0x0402aa40 (strlen              ) R-> (2007.0) 0x0484ee30 strlen
--793121-- REDIR: 0x4027220 (ld-linux-x86-64.so.2:strcmp) redirected to 0x484fcd0 (strcmp)
--793121-- REDIR: 0x402afa0 (ld-linux-x86-64.so.2:mempcpy) redirected to 0x4853840 (mempcpy)
--793121-- Reading syms from /usr/lib/x86_64-linux-gnu/libstdc++.so.6.0.30
--793121--    object doesn't have a symbol table
--793121-- Reading syms from /usr/lib/x86_64-linux-gnu/libm.so.6
--793121--   Considering /usr/lib/debug/.build-id/b2/b4cd0f73a7c7a6da5ba4126bceb33ce68853d5.debug ..
--793121--   .. build-id is valid
--793121-- Reading syms from /usr/lib/x86_64-linux-gnu/libgcc_s.so.1
--793121--    object doesn't have a symbol table
--793121-- Reading syms from /usr/lib/x86_64-linux-gnu/libc.so.6
--793121--   Considering /usr/lib/debug/.build-id/4f/7b0c955c3d81d7cac1501a2498b69d1d82bfe7.debug ..
--793121--   .. build-id is valid
==793121== WARNING: new redirection conflicts with existing -- ignoring it
--793121--     old: 0x04c49c60 (memalign            ) R-> (1011.0) 0x0484e080 memalign
--793121--     new: 0x04c49c60 (memalign            ) R-> (1017.0) 0x0484e050 aligned_alloc
==793121== WARNING: new redirection conflicts with existing -- ignoring it
--793121--     old: 0x04c49c60 (memalign            ) R-> (1011.0) 0x0484e080 memalign
--793121--     new: 0x04c49c60 (memalign            ) R-> (1017.0) 0x0484e020 aligned_alloc
==793121== WARNING: new redirection conflicts with existing -- ignoring it
--793121--     old: 0x04c49c60 (memalign            ) R-> (1011.0) 0x0484e080 memalign
--793121--     new: 0x04c49c60 (memalign            ) R-> (1017.0) 0x0484e050 aligned_alloc
==793121== WARNING: new redirection conflicts with existing -- ignoring it
--793121--     old: 0x04c49c60 (memalign            ) R-> (1011.0) 0x0484e080 memalign
--793121--     new: 0x04c49c60 (memalign            ) R-> (1017.0) 0x0484e020 aligned_alloc
--793121-- REDIR: 0x4c4c720 (libc.so.6:strnlen) redirected to 0x483f220 (_vgnU_ifunc_wrapper)
--793121-- REDIR: 0x4c4c9e0 (libc.so.6:strpbrk) redirected to 0x483f220 (_vgnU_ifunc_wrapper)
--793121-- REDIR: 0x4c4c2e0 (libc.so.6:strcmp) redirected to 0x483f220 (_vgnU_ifunc_wrapper)
--793121-- REDIR: 0x4c6acd0 (libc.so.6:wcsnlen) redirected to 0x483f220 (_vgnU_ifunc_wrapper)
--793121-- REDIR: 0x4c4d6d0 (libc.so.6:memset) redirected to 0x483f220 (_vgnU_ifunc_wrapper)
--793121-- REDIR: 0x4c69540 (libc.so.6:wcslen) redirected to 0x483f220 (_vgnU_ifunc_wrapper)
--793121-- REDIR: 0x4c4dc10 (libc.so.6:memcpy@@GLIBC_2.14) redirected to 0x483f220 (_vgnU_ifunc_wrapper)
--793121-- REDIR: 0x4c69370 (libc.so.6:wcschr) redirected to 0x483f220 (_vgnU_ifunc_wrapper)
--793121-- REDIR: 0x4c4c260 (libc.so.6:index) redirected to 0x483f220 (_vgnU_ifunc_wrapper)
--793121-- REDIR: 0x4c4c960 (libc.so.6:rindex) redirected to 0x483f220 (_vgnU_ifunc_wrapper)
--793121-- REDIR: 0x4c4d5a0 (libc.so.6:memmove) redirected to 0x483f220 (_vgnU_ifunc_wrapper)
==793121== Preferring higher priority redirection:
--793121--     old: 0x04d44840 (__memcpy_avx_unalign) R-> (2018.0) 0x04850f90 __memcpy_avx_unaligned_erms
--793121--     new: 0x04d44840 (__memcpy_avx_unalign) R-> (2018.1) 0x04852880 memmove
--793121-- REDIR: 0x4c693f0 (libc.so.6:wcscmp) redirected to 0x483f220 (_vgnU_ifunc_wrapper)
--793121-- REDIR: 0x4c4d9e0 (libc.so.6:stpncpy) redirected to 0x483f220 (_vgnU_ifunc_wrapper)
--793121-- REDIR: 0x4c699b0 (libc.so.6:wmemchr) redirected to 0x483f220 (_vgnU_ifunc_wrapper)
--793121-- REDIR: 0x4c4c830 (libc.so.6:strncmp) redirected to 0x483f220 (_vgnU_ifunc_wrapper)
--793121-- REDIR: 0x4c4da70 (libc.so.6:strcasecmp) redirected to 0x483f220 (_vgnU_ifunc_wrapper)
--793121-- REDIR: 0x4c4c420 (libc.so.6:strcspn) redirected to 0x483f220 (_vgnU_ifunc_wrapper)
--793121-- REDIR: 0x4c69470 (libc.so.6:wcscpy) redirected to 0x483f220 (_vgnU_ifunc_wrapper)
--793121-- REDIR: 0x4c4c1d0 (libc.so.6:strcat) redirected to 0x483f220 (_vgnU_ifunc_wrapper)
--793121-- REDIR: 0x4c4db60 (libc.so.6:strncasecmp_l) redirected to 0x483f220 (_vgnU_ifunc_wrapper)
--793121-- REDIR: 0x4c4d480 (libc.so.6:bcmp) redirected to 0x483f220 (_vgnU_ifunc_wrapper)
--793121-- REDIR: 0x4c55570 (libc.so.6:memrchr) redirected to 0x483f220 (_vgnU_ifunc_wrapper)
--793121-- REDIR: 0x4c4f010 (libc.so.6:strchrnul) redirected to 0x483f220 (_vgnU_ifunc_wrapper)
--793121-- REDIR: 0x4c4c390 (libc.so.6:strcpy) redirected to 0x483f220 (_vgnU_ifunc_wrapper)
--793121-- REDIR: 0x4c4db10 (libc.so.6:strcasecmp_l) redirected to 0x483f220 (_vgnU_ifunc_wrapper)
--793121-- REDIR: 0x4c4c6a0 (libc.so.6:strlen) redirected to 0x483f220 (_vgnU_ifunc_wrapper)
--793121-- REDIR: 0x4c4c8d0 (libc.so.6:strncpy) redirected to 0x483f220 (_vgnU_ifunc_wrapper)
--793121-- REDIR: 0x4c4d950 (libc.so.6:stpcpy) redirected to 0x483f220 (_vgnU_ifunc_wrapper)
--793121-- REDIR: 0x4c4d3f0 (libc.so.6:memchr) redirected to 0x483f220 (_vgnU_ifunc_wrapper)
--793121-- REDIR: 0x4c4cb00 (libc.so.6:strspn) redirected to 0x483f220 (_vgnU_ifunc_wrapper)
--793121-- REDIR: 0x4c4d7d0 (libc.so.6:mempcpy) redirected to 0x483f220 (_vgnU_ifunc_wrapper)
--793121-- REDIR: 0x4c4dac0 (libc.so.6:strncasecmp) redirected to 0x483f220 (_vgnU_ifunc_wrapper)
--793121-- REDIR: 0x4c4ef80 (libc.so.6:rawmemchr) redirected to 0x483f220 (_vgnU_ifunc_wrapper)
--793121-- REDIR: 0x4d41690 (libc.so.6:__strrchr_avx2) redirected to 0x484e810 (rindex)
--793121-- REDIR: 0x4c490a0 (libc.so.6:malloc) redirected to 0x4848820 (malloc)
--793121-- REDIR: 0x4d41860 (libc.so.6:__strlen_avx2) redirected to 0x484ed10 (strlen)
--793121-- REDIR: 0x4d3db00 (libc.so.6:__memcmp_avx2_movbe) redirected to 0x4852010 (bcmp)
--793121-- REDIR: 0x4c4cfc0 (libc.so.6:__GI_strstr) redirected to 0x4853ae0 (__strstr_sse2)
--793121-- REDIR: 0x491f9d0 (libstdc++.so.6:operator new[](unsigned long)) redirected to 0x484a280 (operator new[](unsigned long))
--793121-- REDIR: 0x4d44840 (libc.so.6:__memcpy_avx_unaligned_erms) redirected to 0x4852880 (memmove)
--793121-- REDIR: 0x4d3d340 (libc.so.6:__memchr_avx2) redirected to 0x484fd50 (memchr)
--793121-- REDIR: 0x491f970 (libstdc++.so.6:operator new(unsigned long)) redirected to 0x4848fa0 (operator new(unsigned long))
--793121-- REDIR: 0x491dc10 (libstdc++.so.6:operator delete(void*)) redirected to 0x484b840 (operator delete(void*))
--793121-- REDIR: 0x491dc40 (libstdc++.so.6:operator delete[](void*)) redirected to 0x484ca20 (operator delete[](void*))
--793121-- REDIR: 0x4c493e0 (libc.so.6:free) redirected to 0x484b210 (free)
--793121-- REDIR: 0x4d44800 (libc.so.6:__mempcpy_avx_unaligned_erms) redirected to 0x4853440 (mempcpy)
==793121== 
==793121== HEAP SUMMARY:
==793121==     in use at exit: 0 bytes in 0 blocks
==793121==   total heap usage: 17 allocs, 17 frees, 101,095 bytes allocated
==793121== 
==793121== All heap blocks were freed -- no leaks are possible
==793121== 
==793121== ERROR SUMMARY: 0 errors from 0 contexts (suppressed: 0 from 0)
